{"/usr/app/src/server.ts": {"path":"/usr/app/src/server.ts","all":false,"statementMap":{"0":{"start":{"line":1,"column":0},"end":{"line":1,"column":30}},"1":{"start":{"line":2,"column":0},"end":{"line":2,"column":22}},"2":{"start":{"line":3,"column":0},"end":{"line":3,"column":32}},"3":{"start":{"line":4,"column":0},"end":{"line":4,"column":30}},"4":{"start":{"line":5,"column":0},"end":{"line":5,"column":0}},"5":{"start":{"line":6,"column":0},"end":{"line":6,"column":38}},"6":{"start":{"line":7,"column":0},"end":{"line":7,"column":78}},"7":{"start":{"line":8,"column":0},"end":{"line":8,"column":1}},"8":{"start":{"line":9,"column":0},"end":{"line":9,"column":0}},"9":{"start":{"line":10,"column":0},"end":{"line":10,"column":25}},"10":{"start":{"line":11,"column":0},"end":{"line":11,"column":0}},"11":{"start":{"line":12,"column":0},"end":{"line":12,"column":27}},"12":{"start":{"line":13,"column":0},"end":{"line":13,"column":19}},"13":{"start":{"line":14,"column":0},"end":{"line":14,"column":0}},"14":{"start":{"line":15,"column":0},"end":{"line":15,"column":36}},"15":{"start":{"line":16,"column":0},"end":{"line":16,"column":0}},"16":{"start":{"line":17,"column":0},"end":{"line":17,"column":38}},"17":{"start":{"line":18,"column":0},"end":{"line":18,"column":24}},"18":{"start":{"line":19,"column":0},"end":{"line":19,"column":1}},"19":{"start":{"line":20,"column":0},"end":{"line":20,"column":0}},"20":{"start":{"line":21,"column":0},"end":{"line":21,"column":22}}},"s":{"0":1,"1":1,"2":1,"3":1,"4":1,"5":1,"6":0,"7":0,"8":1,"9":1,"10":1,"11":1,"12":1,"13":1,"14":1,"15":1,"16":1,"17":0,"18":0,"19":1,"20":1},"branchMap":{"0":{"type":"branch","line":6,"loc":{"start":{"line":6,"column":37},"end":{"line":8,"column":1}},"locations":[{"start":{"line":6,"column":37},"end":{"line":8,"column":1}}]},"1":{"type":"branch","line":15,"loc":{"start":{"line":15,"column":27},"end":{"line":15,"column":35}},"locations":[{"start":{"line":15,"column":27},"end":{"line":15,"column":35}}]},"2":{"type":"branch","line":17,"loc":{"start":{"line":17,"column":37},"end":{"line":19,"column":1}},"locations":[{"start":{"line":17,"column":37},"end":{"line":19,"column":1}}]}},"b":{"0":[0],"1":[0],"2":[0]},"fnMap":{},"f":{}}
,"/usr/app/src/__tests__/db.ts": {"path":"/usr/app/src/__tests__/db.ts","all":false,"statementMap":{"0":{"start":{"line":1,"column":0},"end":{"line":1,"column":31}},"1":{"start":{"line":2,"column":0},"end":{"line":2,"column":57}},"2":{"start":{"line":3,"column":0},"end":{"line":3,"column":0}},"3":{"start":{"line":4,"column":0},"end":{"line":4,"column":35}},"4":{"start":{"line":5,"column":0},"end":{"line":5,"column":0}},"5":{"start":{"line":6,"column":0},"end":{"line":6,"column":36}},"6":{"start":{"line":7,"column":0},"end":{"line":7,"column":32}},"7":{"start":{"line":8,"column":0},"end":{"line":8,"column":0}},"8":{"start":{"line":9,"column":0},"end":{"line":9,"column":51}},"9":{"start":{"line":10,"column":0},"end":{"line":10,"column":0}},"10":{"start":{"line":11,"column":0},"end":{"line":11,"column":42}},"11":{"start":{"line":12,"column":0},"end":{"line":12,"column":39}},"12":{"start":{"line":13,"column":0},"end":{"line":13,"column":18}},"13":{"start":{"line":14,"column":0},"end":{"line":14,"column":31}},"14":{"start":{"line":15,"column":0},"end":{"line":15,"column":9}},"15":{"start":{"line":16,"column":0},"end":{"line":16,"column":7}},"16":{"start":{"line":17,"column":0},"end":{"line":17,"column":2}},"17":{"start":{"line":18,"column":0},"end":{"line":18,"column":0}},"18":{"start":{"line":19,"column":0},"end":{"line":19,"column":34}},"19":{"start":{"line":20,"column":0},"end":{"line":20,"column":32}},"20":{"start":{"line":21,"column":0},"end":{"line":21,"column":29}},"21":{"start":{"line":22,"column":0},"end":{"line":22,"column":2}}},"s":{"0":1,"1":1,"2":1,"3":1,"4":1,"5":1,"6":1,"7":1,"8":1,"9":1,"10":1,"11":1,"12":1,"13":0,"14":0,"15":1,"16":1,"17":1,"18":1,"19":1,"20":1,"21":1},"branchMap":{"0":{"type":"branch","line":6,"loc":{"start":{"line":6,"column":23},"end":{"line":17,"column":2}},"locations":[{"start":{"line":6,"column":23},"end":{"line":17,"column":2}}]},"1":{"type":"branch","line":6,"loc":{"start":{"line":6,"column":23},"end":{"line":17,"column":2}},"locations":[{"start":{"line":6,"column":23},"end":{"line":17,"column":2}}]},"2":{"type":"branch","line":7,"loc":{"start":{"line":7,"column":4},"end":{"line":7,"column":32}},"locations":[{"start":{"line":7,"column":4},"end":{"line":7,"column":32}}]},"3":{"type":"branch","line":12,"loc":{"start":{"line":12,"column":31},"end":{"line":16,"column":5}},"locations":[{"start":{"line":12,"column":31},"end":{"line":16,"column":5}}]},"4":{"type":"branch","line":13,"loc":{"start":{"line":13,"column":17},"end":{"line":15,"column":9}},"locations":[{"start":{"line":13,"column":17},"end":{"line":15,"column":9}}]},"5":{"type":"branch","line":19,"loc":{"start":{"line":19,"column":21},"end":{"line":22,"column":2}},"locations":[{"start":{"line":19,"column":21},"end":{"line":22,"column":2}}]},"6":{"type":"branch","line":19,"loc":{"start":{"line":19,"column":21},"end":{"line":22,"column":2}},"locations":[{"start":{"line":19,"column":21},"end":{"line":22,"column":2}}]},"7":{"type":"branch","line":20,"loc":{"start":{"line":20,"column":4},"end":{"line":20,"column":32}},"locations":[{"start":{"line":20,"column":4},"end":{"line":20,"column":32}}]}},"b":{"0":[1],"1":[1],"2":[1],"3":[1],"4":[0],"5":[1],"6":[1],"7":[1]},"fnMap":{"0":{"name":"connect","decl":{"start":{"line":6,"column":23},"end":{"line":17,"column":2}},"loc":{"start":{"line":6,"column":23},"end":{"line":17,"column":2}},"line":6},"1":{"name":"close","decl":{"start":{"line":19,"column":21},"end":{"line":22,"column":2}},"loc":{"start":{"line":19,"column":21},"end":{"line":22,"column":2}},"line":19}},"f":{"0":1,"1":1}}
,"/usr/app/src/controllers/person.ts": {"path":"/usr/app/src/controllers/person.ts","all":false,"statementMap":{"0":{"start":{"line":1,"column":0},"end":{"line":1,"column":43}},"1":{"start":{"line":2,"column":0},"end":{"line":2,"column":42}},"2":{"start":{"line":3,"column":0},"end":{"line":3,"column":0}},"3":{"start":{"line":4,"column":0},"end":{"line":4,"column":38}},"4":{"start":{"line":5,"column":0},"end":{"line":5,"column":0}},"5":{"start":{"line":6,"column":0},"end":{"line":6,"column":39}},"6":{"start":{"line":7,"column":0},"end":{"line":7,"column":49}},"7":{"start":{"line":8,"column":0},"end":{"line":8,"column":0}},"8":{"start":{"line":9,"column":0},"end":{"line":9,"column":52}},"9":{"start":{"line":10,"column":0},"end":{"line":10,"column":0}},"10":{"start":{"line":11,"column":0},"end":{"line":11,"column":38}},"11":{"start":{"line":12,"column":0},"end":{"line":12,"column":2}},"12":{"start":{"line":13,"column":0},"end":{"line":13,"column":0}},"13":{"start":{"line":14,"column":0},"end":{"line":14,"column":47}},"14":{"start":{"line":15,"column":0},"end":{"line":15,"column":27}},"15":{"start":{"line":16,"column":0},"end":{"line":16,"column":0}},"16":{"start":{"line":17,"column":0},"end":{"line":17,"column":57}},"17":{"start":{"line":18,"column":0},"end":{"line":18,"column":0}},"18":{"start":{"line":19,"column":0},"end":{"line":19,"column":20}},"19":{"start":{"line":20,"column":0},"end":{"line":20,"column":35}},"20":{"start":{"line":21,"column":0},"end":{"line":21,"column":10}},"21":{"start":{"line":22,"column":0},"end":{"line":22,"column":38}},"22":{"start":{"line":23,"column":0},"end":{"line":23,"column":3}},"23":{"start":{"line":24,"column":0},"end":{"line":24,"column":2}},"24":{"start":{"line":25,"column":0},"end":{"line":25,"column":0}},"25":{"start":{"line":26,"column":0},"end":{"line":26,"column":50}},"26":{"start":{"line":27,"column":0},"end":{"line":27,"column":27}},"27":{"start":{"line":28,"column":0},"end":{"line":28,"column":0}},"28":{"start":{"line":29,"column":0},"end":{"line":29,"column":62}},"29":{"start":{"line":30,"column":0},"end":{"line":30,"column":0}},"30":{"start":{"line":31,"column":0},"end":{"line":31,"column":20}},"31":{"start":{"line":32,"column":0},"end":{"line":32,"column":35}},"32":{"start":{"line":33,"column":0},"end":{"line":33,"column":10}},"33":{"start":{"line":34,"column":0},"end":{"line":34,"column":38}},"34":{"start":{"line":35,"column":0},"end":{"line":35,"column":3}},"35":{"start":{"line":36,"column":0},"end":{"line":36,"column":2}},"36":{"start":{"line":37,"column":0},"end":{"line":37,"column":0}},"37":{"start":{"line":38,"column":0},"end":{"line":38,"column":50}},"38":{"start":{"line":39,"column":0},"end":{"line":39,"column":28}},"39":{"start":{"line":40,"column":0},"end":{"line":40,"column":28}},"40":{"start":{"line":41,"column":0},"end":{"line":41,"column":0}},"41":{"start":{"line":42,"column":0},"end":{"line":42,"column":66}},"42":{"start":{"line":43,"column":0},"end":{"line":43,"column":0}},"43":{"start":{"line":44,"column":0},"end":{"line":44,"column":20}},"44":{"start":{"line":45,"column":0},"end":{"line":45,"column":35}},"45":{"start":{"line":46,"column":0},"end":{"line":46,"column":10}},"46":{"start":{"line":47,"column":0},"end":{"line":47,"column":38}},"47":{"start":{"line":48,"column":0},"end":{"line":48,"column":3}},"48":{"start":{"line":49,"column":0},"end":{"line":49,"column":2}},"49":{"start":{"line":50,"column":0},"end":{"line":50,"column":0}},"50":{"start":{"line":51,"column":0},"end":{"line":51,"column":50}},"51":{"start":{"line":52,"column":0},"end":{"line":52,"column":27}},"52":{"start":{"line":53,"column":0},"end":{"line":53,"column":0}},"53":{"start":{"line":54,"column":0},"end":{"line":54,"column":60}},"54":{"start":{"line":55,"column":0},"end":{"line":55,"column":0}},"55":{"start":{"line":56,"column":0},"end":{"line":56,"column":20}},"56":{"start":{"line":57,"column":0},"end":{"line":57,"column":35}},"57":{"start":{"line":58,"column":0},"end":{"line":58,"column":10}},"58":{"start":{"line":59,"column":0},"end":{"line":59,"column":38}},"59":{"start":{"line":60,"column":0},"end":{"line":60,"column":3}},"60":{"start":{"line":61,"column":0},"end":{"line":61,"column":2}},"61":{"start":{"line":62,"column":0},"end":{"line":62,"column":0}},"62":{"start":{"line":63,"column":0},"end":{"line":63,"column":50}},"63":{"start":{"line":64,"column":0},"end":{"line":64,"column":27}},"64":{"start":{"line":65,"column":0},"end":{"line":65,"column":0}},"65":{"start":{"line":66,"column":0},"end":{"line":66,"column":60}},"66":{"start":{"line":67,"column":0},"end":{"line":67,"column":0}},"67":{"start":{"line":68,"column":0},"end":{"line":68,"column":20}},"68":{"start":{"line":69,"column":0},"end":{"line":69,"column":35}},"69":{"start":{"line":70,"column":0},"end":{"line":70,"column":10}},"70":{"start":{"line":71,"column":0},"end":{"line":71,"column":38}},"71":{"start":{"line":72,"column":0},"end":{"line":72,"column":3}},"72":{"start":{"line":73,"column":0},"end":{"line":73,"column":2}},"73":{"start":{"line":74,"column":0},"end":{"line":74,"column":2}}},"s":{"0":1,"1":1,"2":1,"3":1,"4":1,"5":1,"6":1,"7":1,"8":1,"9":1,"10":1,"11":1,"12":1,"13":1,"14":2,"15":2,"16":2,"17":2,"18":2,"19":1,"20":2,"21":2,"22":2,"23":2,"24":1,"25":1,"26":6,"27":6,"28":6,"29":6,"30":6,"31":1,"32":6,"33":6,"34":6,"35":6,"36":1,"37":1,"38":2,"39":2,"40":2,"41":2,"42":2,"43":2,"44":1,"45":2,"46":2,"47":2,"48":2,"49":1,"50":1,"51":2,"52":2,"53":2,"54":2,"55":2,"56":1,"57":2,"58":2,"59":2,"60":2,"61":1,"62":1,"63":2,"64":2,"65":2,"66":2,"67":2,"68":1,"69":2,"70":2,"71":2,"72":2,"73":1},"branchMap":{"0":{"type":"branch","line":6,"loc":{"start":{"line":6,"column":0},"end":{"line":74,"column":2}},"locations":[{"start":{"line":6,"column":0},"end":{"line":74,"column":2}}]},"1":{"type":"branch","line":6,"loc":{"start":{"line":6,"column":0},"end":{"line":74,"column":1}},"locations":[{"start":{"line":6,"column":0},"end":{"line":74,"column":1}}]},"2":{"type":"branch","line":7,"loc":{"start":{"line":7,"column":1},"end":{"line":12,"column":2}},"locations":[{"start":{"line":7,"column":1},"end":{"line":12,"column":2}}]},"3":{"type":"branch","line":9,"loc":{"start":{"line":9,"column":21},"end":{"line":9,"column":52}},"locations":[{"start":{"line":9,"column":21},"end":{"line":9,"column":52}}]},"4":{"type":"branch","line":14,"loc":{"start":{"line":14,"column":1},"end":{"line":24,"column":2}},"locations":[{"start":{"line":14,"column":1},"end":{"line":24,"column":2}}]},"5":{"type":"branch","line":19,"loc":{"start":{"line":19,"column":19},"end":{"line":21,"column":9}},"locations":[{"start":{"line":19,"column":19},"end":{"line":21,"column":9}}]},"6":{"type":"branch","line":26,"loc":{"start":{"line":26,"column":1},"end":{"line":36,"column":2}},"locations":[{"start":{"line":26,"column":1},"end":{"line":36,"column":2}}]},"7":{"type":"branch","line":31,"loc":{"start":{"line":31,"column":19},"end":{"line":33,"column":9}},"locations":[{"start":{"line":31,"column":19},"end":{"line":33,"column":9}}]},"8":{"type":"branch","line":38,"loc":{"start":{"line":38,"column":1},"end":{"line":49,"column":2}},"locations":[{"start":{"line":38,"column":1},"end":{"line":49,"column":2}}]},"9":{"type":"branch","line":44,"loc":{"start":{"line":44,"column":19},"end":{"line":46,"column":9}},"locations":[{"start":{"line":44,"column":19},"end":{"line":46,"column":9}}]},"10":{"type":"branch","line":51,"loc":{"start":{"line":51,"column":1},"end":{"line":61,"column":2}},"locations":[{"start":{"line":51,"column":1},"end":{"line":61,"column":2}}]},"11":{"type":"branch","line":56,"loc":{"start":{"line":56,"column":19},"end":{"line":58,"column":9}},"locations":[{"start":{"line":56,"column":19},"end":{"line":58,"column":9}}]},"12":{"type":"branch","line":63,"loc":{"start":{"line":63,"column":1},"end":{"line":73,"column":2}},"locations":[{"start":{"line":63,"column":1},"end":{"line":73,"column":2}}]},"13":{"type":"branch","line":68,"loc":{"start":{"line":68,"column":19},"end":{"line":70,"column":9}},"locations":[{"start":{"line":68,"column":19},"end":{"line":70,"column":9}}]}},"b":{"0":[1],"1":[1],"2":[1],"3":[1],"4":[2],"5":[1],"6":[6],"7":[1],"8":[2],"9":[1],"10":[2],"11":[1],"12":[2],"13":[1]},"fnMap":{"0":{"name":"PersonController","decl":{"start":{"line":6,"column":0},"end":{"line":74,"column":1}},"loc":{"start":{"line":6,"column":0},"end":{"line":74,"column":1}},"line":6},"1":{"name":"Object.<anonymous>.PersonController.ListPersons","decl":{"start":{"line":7,"column":1},"end":{"line":12,"column":2}},"loc":{"start":{"line":7,"column":1},"end":{"line":12,"column":2}},"line":7},"2":{"name":"Object.<anonymous>.PersonController.GetPerson","decl":{"start":{"line":14,"column":1},"end":{"line":24,"column":2}},"loc":{"start":{"line":14,"column":1},"end":{"line":24,"column":2}},"line":14},"3":{"name":"Object.<anonymous>.PersonController.AddNewPerson","decl":{"start":{"line":26,"column":1},"end":{"line":36,"column":2}},"loc":{"start":{"line":26,"column":1},"end":{"line":36,"column":2}},"line":26},"4":{"name":"Object.<anonymous>.PersonController.UpdatePerson","decl":{"start":{"line":38,"column":1},"end":{"line":49,"column":2}},"loc":{"start":{"line":38,"column":1},"end":{"line":49,"column":2}},"line":38},"5":{"name":"Object.<anonymous>.PersonController.DeletePerson","decl":{"start":{"line":51,"column":1},"end":{"line":61,"column":2}},"loc":{"start":{"line":51,"column":1},"end":{"line":61,"column":2}},"line":51},"6":{"name":"Object.<anonymous>.PersonController.GetGenealogy","decl":{"start":{"line":63,"column":1},"end":{"line":73,"column":2}},"loc":{"start":{"line":63,"column":1},"end":{"line":73,"column":2}},"line":63}},"f":{"0":1,"1":1,"2":2,"3":6,"4":2,"5":2,"6":2}}
,"/usr/app/src/controllers/relation.ts": {"path":"/usr/app/src/controllers/relation.ts","all":false,"statementMap":{"0":{"start":{"line":1,"column":0},"end":{"line":1,"column":43}},"1":{"start":{"line":2,"column":0},"end":{"line":2,"column":46}},"2":{"start":{"line":3,"column":0},"end":{"line":3,"column":0}},"3":{"start":{"line":4,"column":0},"end":{"line":4,"column":42}},"4":{"start":{"line":5,"column":0},"end":{"line":5,"column":0}},"5":{"start":{"line":6,"column":0},"end":{"line":6,"column":41}},"6":{"start":{"line":7,"column":0},"end":{"line":7,"column":52}},"7":{"start":{"line":8,"column":0},"end":{"line":8,"column":41}},"8":{"start":{"line":9,"column":0},"end":{"line":9,"column":0}},"9":{"start":{"line":10,"column":0},"end":{"line":10,"column":78}},"10":{"start":{"line":11,"column":0},"end":{"line":11,"column":0}},"11":{"start":{"line":12,"column":0},"end":{"line":12,"column":20}},"12":{"start":{"line":13,"column":0},"end":{"line":13,"column":35}},"13":{"start":{"line":14,"column":0},"end":{"line":14,"column":10}},"14":{"start":{"line":15,"column":0},"end":{"line":15,"column":38}},"15":{"start":{"line":16,"column":0},"end":{"line":16,"column":3}},"16":{"start":{"line":17,"column":0},"end":{"line":17,"column":2}},"17":{"start":{"line":18,"column":0},"end":{"line":18,"column":0}},"18":{"start":{"line":19,"column":0},"end":{"line":19,"column":52}},"19":{"start":{"line":20,"column":0},"end":{"line":20,"column":41}},"20":{"start":{"line":21,"column":0},"end":{"line":21,"column":0}},"21":{"start":{"line":22,"column":0},"end":{"line":22,"column":78}},"22":{"start":{"line":23,"column":0},"end":{"line":23,"column":0}},"23":{"start":{"line":24,"column":0},"end":{"line":24,"column":20}},"24":{"start":{"line":25,"column":0},"end":{"line":25,"column":35}},"25":{"start":{"line":26,"column":0},"end":{"line":26,"column":10}},"26":{"start":{"line":27,"column":0},"end":{"line":27,"column":38}},"27":{"start":{"line":28,"column":0},"end":{"line":28,"column":3}},"28":{"start":{"line":29,"column":0},"end":{"line":29,"column":2}},"29":{"start":{"line":30,"column":0},"end":{"line":30,"column":2}}},"s":{"0":1,"1":1,"2":1,"3":1,"4":1,"5":1,"6":1,"7":0,"8":0,"9":0,"10":0,"11":0,"12":0,"13":0,"14":0,"15":0,"16":0,"17":1,"18":1,"19":0,"20":0,"21":0,"22":0,"23":0,"24":0,"25":0,"26":0,"27":0,"28":0,"29":1},"branchMap":{"0":{"type":"branch","line":6,"loc":{"start":{"line":6,"column":0},"end":{"line":30,"column":2}},"locations":[{"start":{"line":6,"column":0},"end":{"line":30,"column":2}}]},"1":{"type":"branch","line":6,"loc":{"start":{"line":6,"column":0},"end":{"line":30,"column":1}},"locations":[{"start":{"line":6,"column":0},"end":{"line":30,"column":1}}]}},"b":{"0":[1],"1":[1]},"fnMap":{"0":{"name":"RelationController","decl":{"start":{"line":6,"column":0},"end":{"line":30,"column":1}},"loc":{"start":{"line":6,"column":0},"end":{"line":30,"column":1}},"line":6},"1":{"name":"Object.<anonymous>.RelationController.AddNewRelation","decl":{"start":{"line":7,"column":1},"end":{"line":17,"column":2}},"loc":{"start":{"line":7,"column":1},"end":{"line":17,"column":2}},"line":7},"2":{"name":"Object.<anonymous>.RelationController.DeleteRelation","decl":{"start":{"line":19,"column":1},"end":{"line":29,"column":2}},"loc":{"start":{"line":19,"column":1},"end":{"line":29,"column":2}},"line":19}},"f":{"0":1,"1":0,"2":0}}
,"/usr/app/src/models/person.ts": {"path":"/usr/app/src/models/person.ts","all":false,"statementMap":{"0":{"start":{"line":1,"column":0},"end":{"line":1,"column":29}},"1":{"start":{"line":2,"column":0},"end":{"line":2,"column":0}},"2":{"start":{"line":3,"column":0},"end":{"line":3,"column":34}},"3":{"start":{"line":4,"column":0},"end":{"line":4,"column":22}},"4":{"start":{"line":5,"column":0},"end":{"line":5,"column":36}},"5":{"start":{"line":6,"column":0},"end":{"line":6,"column":0}},"6":{"start":{"line":7,"column":0},"end":{"line":7,"column":30}},"7":{"start":{"line":8,"column":0},"end":{"line":8,"column":2}},"8":{"start":{"line":9,"column":0},"end":{"line":9,"column":0}},"9":{"start":{"line":10,"column":0},"end":{"line":10,"column":30}},"10":{"start":{"line":11,"column":0},"end":{"line":11,"column":39}},"11":{"start":{"line":12,"column":0},"end":{"line":12,"column":73}},"12":{"start":{"line":13,"column":0},"end":{"line":13,"column":3}},"13":{"start":{"line":14,"column":0},"end":{"line":14,"column":0}},"14":{"start":{"line":15,"column":0},"end":{"line":15,"column":42}},"15":{"start":{"line":16,"column":0},"end":{"line":16,"column":0}},"16":{"start":{"line":17,"column":0},"end":{"line":17,"column":16}},"17":{"start":{"line":18,"column":0},"end":{"line":18,"column":62}},"18":{"start":{"line":19,"column":0},"end":{"line":19,"column":3}},"19":{"start":{"line":20,"column":0},"end":{"line":20,"column":0}},"20":{"start":{"line":21,"column":0},"end":{"line":21,"column":30}},"21":{"start":{"line":22,"column":0},"end":{"line":22,"column":2}},"22":{"start":{"line":23,"column":0},"end":{"line":23,"column":0}},"23":{"start":{"line":24,"column":0},"end":{"line":24,"column":35}},"24":{"start":{"line":25,"column":0},"end":{"line":25,"column":42}},"25":{"start":{"line":26,"column":0},"end":{"line":26,"column":68}},"26":{"start":{"line":27,"column":0},"end":{"line":27,"column":3}},"27":{"start":{"line":28,"column":0},"end":{"line":28,"column":0}},"28":{"start":{"line":29,"column":0},"end":{"line":29,"column":21}},"29":{"start":{"line":30,"column":0},"end":{"line":30,"column":14}},"30":{"start":{"line":31,"column":0},"end":{"line":31,"column":14}},"31":{"start":{"line":32,"column":0},"end":{"line":32,"column":3}},"32":{"start":{"line":33,"column":0},"end":{"line":33,"column":0}},"33":{"start":{"line":34,"column":0},"end":{"line":34,"column":48}},"34":{"start":{"line":35,"column":0},"end":{"line":35,"column":0}},"35":{"start":{"line":36,"column":0},"end":{"line":36,"column":30}},"36":{"start":{"line":37,"column":0},"end":{"line":37,"column":2}},"37":{"start":{"line":38,"column":0},"end":{"line":38,"column":0}},"38":{"start":{"line":39,"column":0},"end":{"line":39,"column":47}},"39":{"start":{"line":40,"column":0},"end":{"line":40,"column":39}},"40":{"start":{"line":41,"column":0},"end":{"line":41,"column":73}},"41":{"start":{"line":42,"column":0},"end":{"line":42,"column":3}},"42":{"start":{"line":43,"column":0},"end":{"line":43,"column":48}},"43":{"start":{"line":44,"column":0},"end":{"line":44,"column":0}},"44":{"start":{"line":45,"column":0},"end":{"line":45,"column":22}},"45":{"start":{"line":46,"column":0},"end":{"line":46,"column":62}},"46":{"start":{"line":47,"column":0},"end":{"line":47,"column":3}},"47":{"start":{"line":48,"column":0},"end":{"line":48,"column":0}},"48":{"start":{"line":49,"column":0},"end":{"line":49,"column":27}},"49":{"start":{"line":50,"column":0},"end":{"line":50,"column":0}},"50":{"start":{"line":51,"column":0},"end":{"line":51,"column":42}},"51":{"start":{"line":52,"column":0},"end":{"line":52,"column":0}},"52":{"start":{"line":53,"column":0},"end":{"line":53,"column":30}},"53":{"start":{"line":54,"column":0},"end":{"line":54,"column":2}},"54":{"start":{"line":55,"column":0},"end":{"line":55,"column":0}},"55":{"start":{"line":56,"column":0},"end":{"line":56,"column":33}},"56":{"start":{"line":57,"column":0},"end":{"line":57,"column":39}},"57":{"start":{"line":58,"column":0},"end":{"line":58,"column":73}},"58":{"start":{"line":59,"column":0},"end":{"line":59,"column":3}},"59":{"start":{"line":60,"column":0},"end":{"line":60,"column":42}},"60":{"start":{"line":61,"column":0},"end":{"line":61,"column":0}},"61":{"start":{"line":62,"column":0},"end":{"line":62,"column":16}},"62":{"start":{"line":63,"column":0},"end":{"line":63,"column":62}},"63":{"start":{"line":64,"column":0},"end":{"line":64,"column":3}},"64":{"start":{"line":65,"column":0},"end":{"line":65,"column":0}},"65":{"start":{"line":66,"column":0},"end":{"line":66,"column":41}},"66":{"start":{"line":67,"column":0},"end":{"line":67,"column":52}},"67":{"start":{"line":68,"column":0},"end":{"line":68,"column":0}},"68":{"start":{"line":69,"column":0},"end":{"line":69,"column":45}},"69":{"start":{"line":70,"column":0},"end":{"line":70,"column":52}},"70":{"start":{"line":71,"column":0},"end":{"line":71,"column":45}},"71":{"start":{"line":72,"column":0},"end":{"line":72,"column":21}},"72":{"start":{"line":73,"column":0},"end":{"line":73,"column":3}},"73":{"start":{"line":74,"column":0},"end":{"line":74,"column":0}},"74":{"start":{"line":75,"column":0},"end":{"line":75,"column":59}},"75":{"start":{"line":76,"column":0},"end":{"line":76,"column":0}},"76":{"start":{"line":77,"column":0},"end":{"line":77,"column":30}},"77":{"start":{"line":78,"column":0},"end":{"line":78,"column":2}},"78":{"start":{"line":79,"column":0},"end":{"line":79,"column":0}},"79":{"start":{"line":80,"column":0},"end":{"line":80,"column":33}},"80":{"start":{"line":81,"column":0},"end":{"line":81,"column":39}},"81":{"start":{"line":82,"column":0},"end":{"line":82,"column":73}},"82":{"start":{"line":83,"column":0},"end":{"line":83,"column":3}},"83":{"start":{"line":84,"column":0},"end":{"line":84,"column":42}},"84":{"start":{"line":85,"column":0},"end":{"line":85,"column":0}},"85":{"start":{"line":86,"column":0},"end":{"line":86,"column":16}},"86":{"start":{"line":87,"column":0},"end":{"line":87,"column":62}},"87":{"start":{"line":88,"column":0},"end":{"line":88,"column":3}},"88":{"start":{"line":89,"column":0},"end":{"line":89,"column":0}},"89":{"start":{"line":90,"column":0},"end":{"line":90,"column":22}},"90":{"start":{"line":91,"column":0},"end":{"line":91,"column":4}},"91":{"start":{"line":92,"column":0},"end":{"line":92,"column":19}},"92":{"start":{"line":93,"column":0},"end":{"line":93,"column":21}},"93":{"start":{"line":94,"column":0},"end":{"line":94,"column":27}},"94":{"start":{"line":95,"column":0},"end":{"line":95,"column":33}},"95":{"start":{"line":96,"column":0},"end":{"line":96,"column":27}},"96":{"start":{"line":97,"column":0},"end":{"line":97,"column":21}},"97":{"start":{"line":98,"column":0},"end":{"line":98,"column":5}},"98":{"start":{"line":99,"column":0},"end":{"line":99,"column":5}},"99":{"start":{"line":100,"column":0},"end":{"line":100,"column":3}},"100":{"start":{"line":101,"column":0},"end":{"line":101,"column":0}},"101":{"start":{"line":102,"column":0},"end":{"line":102,"column":52}},"102":{"start":{"line":103,"column":0},"end":{"line":103,"column":53}},"103":{"start":{"line":104,"column":0},"end":{"line":104,"column":0}},"104":{"start":{"line":105,"column":0},"end":{"line":105,"column":30}},"105":{"start":{"line":106,"column":0},"end":{"line":106,"column":2}},"106":{"start":{"line":107,"column":0},"end":{"line":107,"column":1}}},"s":{"0":1,"1":1,"2":2,"3":2,"4":1,"5":1,"6":1,"7":1,"8":2,"9":2,"10":2,"11":1,"12":1,"13":1,"14":1,"15":2,"16":2,"17":0,"18":0,"19":0,"20":0,"21":2,"22":2,"23":2,"24":6,"25":1,"26":1,"27":5,"28":5,"29":5,"30":5,"31":5,"32":5,"33":5,"34":6,"35":6,"36":6,"37":2,"38":2,"39":2,"40":1,"41":1,"42":1,"43":2,"44":2,"45":0,"46":0,"47":0,"48":0,"49":0,"50":0,"51":2,"52":2,"53":2,"54":2,"55":2,"56":2,"57":1,"58":1,"59":1,"60":2,"61":2,"62":0,"63":0,"64":0,"65":0,"66":0,"67":2,"68":2,"69":2,"70":2,"71":2,"72":2,"73":2,"74":2,"75":2,"76":2,"77":2,"78":2,"79":2,"80":2,"81":1,"82":1,"83":1,"84":2,"85":2,"86":0,"87":0,"88":0,"89":0,"90":0,"91":0,"92":0,"93":0,"94":0,"95":0,"96":0,"97":0,"98":0,"99":0,"100":0,"101":0,"102":2,"103":2,"104":2,"105":2,"106":2},"branchMap":{"0":{"type":"branch","line":3,"loc":{"start":{"line":3,"column":0},"end":{"line":107,"column":1}},"locations":[{"start":{"line":3,"column":0},"end":{"line":107,"column":1}}]},"1":{"type":"branch","line":3,"loc":{"start":{"line":3,"column":0},"end":{"line":107,"column":1}},"locations":[{"start":{"line":3,"column":0},"end":{"line":107,"column":1}}]},"2":{"type":"branch","line":4,"loc":{"start":{"line":4,"column":1},"end":{"line":8,"column":2}},"locations":[{"start":{"line":4,"column":1},"end":{"line":8,"column":2}}]},"3":{"type":"branch","line":5,"loc":{"start":{"line":5,"column":17},"end":{"line":5,"column":36}},"locations":[{"start":{"line":5,"column":17},"end":{"line":5,"column":36}}]},"4":{"type":"branch","line":10,"loc":{"start":{"line":10,"column":1},"end":{"line":22,"column":2}},"locations":[{"start":{"line":10,"column":1},"end":{"line":22,"column":2}}]},"5":{"type":"branch","line":11,"loc":{"start":{"line":11,"column":38},"end":{"line":15,"column":42}},"locations":[{"start":{"line":11,"column":38},"end":{"line":15,"column":42}}]},"6":{"type":"branch","line":17,"loc":{"start":{"line":17,"column":15},"end":{"line":21,"column":30}},"locations":[{"start":{"line":17,"column":15},"end":{"line":21,"column":30}}]},"7":{"type":"branch","line":24,"loc":{"start":{"line":24,"column":1},"end":{"line":37,"column":2}},"locations":[{"start":{"line":24,"column":1},"end":{"line":37,"column":2}}]},"8":{"type":"branch","line":25,"loc":{"start":{"line":25,"column":23},"end":{"line":25,"column":39}},"locations":[{"start":{"line":25,"column":23},"end":{"line":25,"column":39}}]},"9":{"type":"branch","line":25,"loc":{"start":{"line":25,"column":41},"end":{"line":27,"column":3}},"locations":[{"start":{"line":25,"column":41},"end":{"line":27,"column":3}}]},"10":{"type":"branch","line":28,"loc":{"start":{"line":28,"column":-1},"end":{"line":34,"column":48}},"locations":[{"start":{"line":28,"column":-1},"end":{"line":34,"column":48}}]},"11":{"type":"branch","line":39,"loc":{"start":{"line":39,"column":1},"end":{"line":54,"column":2}},"locations":[{"start":{"line":39,"column":1},"end":{"line":54,"column":2}}]},"12":{"type":"branch","line":40,"loc":{"start":{"line":40,"column":38},"end":{"line":43,"column":48}},"locations":[{"start":{"line":40,"column":38},"end":{"line":43,"column":48}}]},"13":{"type":"branch","line":45,"loc":{"start":{"line":45,"column":21},"end":{"line":51,"column":42}},"locations":[{"start":{"line":45,"column":21},"end":{"line":51,"column":42}}]},"14":{"type":"branch","line":56,"loc":{"start":{"line":56,"column":1},"end":{"line":78,"column":2}},"locations":[{"start":{"line":56,"column":1},"end":{"line":78,"column":2}}]},"15":{"type":"branch","line":57,"loc":{"start":{"line":57,"column":38},"end":{"line":60,"column":42}},"locations":[{"start":{"line":57,"column":38},"end":{"line":60,"column":42}}]},"16":{"type":"branch","line":62,"loc":{"start":{"line":62,"column":15},"end":{"line":67,"column":52}},"locations":[{"start":{"line":62,"column":15},"end":{"line":67,"column":52}}]},"17":{"type":"branch","line":80,"loc":{"start":{"line":80,"column":1},"end":{"line":106,"column":2}},"locations":[{"start":{"line":80,"column":1},"end":{"line":106,"column":2}}]},"18":{"type":"branch","line":81,"loc":{"start":{"line":81,"column":38},"end":{"line":84,"column":42}},"locations":[{"start":{"line":81,"column":38},"end":{"line":84,"column":42}}]},"19":{"type":"branch","line":86,"loc":{"start":{"line":86,"column":15},"end":{"line":102,"column":52}},"locations":[{"start":{"line":86,"column":15},"end":{"line":102,"column":52}}]}},"b":{"0":[1],"1":[2],"2":[1],"3":[1],"4":[2],"5":[1],"6":[0],"7":[6],"8":[5],"9":[1],"10":[5],"11":[2],"12":[1],"13":[0],"14":[2],"15":[1],"16":[0],"17":[2],"18":[1],"19":[0]},"fnMap":{"0":{"name":"PersonModel","decl":{"start":{"line":3,"column":0},"end":{"line":107,"column":1}},"loc":{"start":{"line":3,"column":0},"end":{"line":107,"column":1}},"line":3},"1":{"name":"Object.<anonymous>.PersonModel.ListPersons","decl":{"start":{"line":4,"column":1},"end":{"line":8,"column":2}},"loc":{"start":{"line":4,"column":1},"end":{"line":8,"column":2}},"line":4},"2":{"name":"Object.<anonymous>.PersonModel.GetPerson","decl":{"start":{"line":10,"column":1},"end":{"line":22,"column":2}},"loc":{"start":{"line":10,"column":1},"end":{"line":22,"column":2}},"line":10},"3":{"name":"Object.<anonymous>.PersonModel.AddNewPerson","decl":{"start":{"line":24,"column":1},"end":{"line":37,"column":2}},"loc":{"start":{"line":24,"column":1},"end":{"line":37,"column":2}},"line":24},"4":{"name":"Object.<anonymous>.PersonModel.UpdatePerson","decl":{"start":{"line":39,"column":1},"end":{"line":54,"column":2}},"loc":{"start":{"line":39,"column":1},"end":{"line":54,"column":2}},"line":39},"5":{"name":"Object.<anonymous>.PersonModel.DeletePerson","decl":{"start":{"line":56,"column":1},"end":{"line":78,"column":2}},"loc":{"start":{"line":56,"column":1},"end":{"line":78,"column":2}},"line":56},"6":{"name":"Object.<anonymous>.PersonModel.GetGenealogy","decl":{"start":{"line":80,"column":1},"end":{"line":106,"column":2}},"loc":{"start":{"line":80,"column":1},"end":{"line":106,"column":2}},"line":80}},"f":{"0":2,"1":1,"2":2,"3":6,"4":2,"5":2,"6":2}}
,"/usr/app/src/models/relation.ts": {"path":"/usr/app/src/models/relation.ts","all":false,"statementMap":{"0":{"start":{"line":1,"column":0},"end":{"line":1,"column":29}},"1":{"start":{"line":2,"column":0},"end":{"line":2,"column":34}},"2":{"start":{"line":3,"column":0},"end":{"line":3,"column":0}},"3":{"start":{"line":4,"column":0},"end":{"line":4,"column":38}},"4":{"start":{"line":5,"column":0},"end":{"line":5,"column":0}},"5":{"start":{"line":6,"column":0},"end":{"line":6,"column":36}},"6":{"start":{"line":7,"column":0},"end":{"line":7,"column":57}},"7":{"start":{"line":8,"column":0},"end":{"line":8,"column":83}},"8":{"start":{"line":9,"column":0},"end":{"line":9,"column":73}},"9":{"start":{"line":10,"column":0},"end":{"line":10,"column":3}},"10":{"start":{"line":11,"column":0},"end":{"line":11,"column":27}},"11":{"start":{"line":12,"column":0},"end":{"line":12,"column":88}},"12":{"start":{"line":13,"column":0},"end":{"line":13,"column":3}},"13":{"start":{"line":14,"column":0},"end":{"line":14,"column":0}},"14":{"start":{"line":15,"column":0},"end":{"line":15,"column":51}},"15":{"start":{"line":16,"column":0},"end":{"line":16,"column":50}},"16":{"start":{"line":17,"column":0},"end":{"line":17,"column":0}},"17":{"start":{"line":18,"column":0},"end":{"line":18,"column":19}},"18":{"start":{"line":19,"column":0},"end":{"line":19,"column":61}},"19":{"start":{"line":20,"column":0},"end":{"line":20,"column":3}},"20":{"start":{"line":21,"column":0},"end":{"line":21,"column":0}},"21":{"start":{"line":22,"column":0},"end":{"line":22,"column":20}},"22":{"start":{"line":23,"column":0},"end":{"line":23,"column":62}},"23":{"start":{"line":24,"column":0},"end":{"line":24,"column":3}},"24":{"start":{"line":25,"column":0},"end":{"line":25,"column":0}},"25":{"start":{"line":26,"column":0},"end":{"line":26,"column":60}},"26":{"start":{"line":27,"column":0},"end":{"line":27,"column":24}},"27":{"start":{"line":28,"column":0},"end":{"line":28,"column":94}},"28":{"start":{"line":29,"column":0},"end":{"line":29,"column":3}},"29":{"start":{"line":30,"column":0},"end":{"line":30,"column":2}},"30":{"start":{"line":31,"column":0},"end":{"line":31,"column":59}},"31":{"start":{"line":32,"column":0},"end":{"line":32,"column":92}},"32":{"start":{"line":33,"column":0},"end":{"line":33,"column":20}},"33":{"start":{"line":34,"column":0},"end":{"line":34,"column":89}},"34":{"start":{"line":35,"column":0},"end":{"line":35,"column":3}},"35":{"start":{"line":36,"column":0},"end":{"line":36,"column":2}},"36":{"start":{"line":37,"column":0},"end":{"line":37,"column":38}},"37":{"start":{"line":38,"column":0},"end":{"line":38,"column":88}},"38":{"start":{"line":39,"column":0},"end":{"line":39,"column":3}},"39":{"start":{"line":40,"column":0},"end":{"line":40,"column":2}},"40":{"start":{"line":41,"column":0},"end":{"line":41,"column":40}},"41":{"start":{"line":42,"column":0},"end":{"line":42,"column":0}},"42":{"start":{"line":43,"column":0},"end":{"line":43,"column":39}},"43":{"start":{"line":44,"column":0},"end":{"line":44,"column":0}},"44":{"start":{"line":45,"column":0},"end":{"line":45,"column":30}},"45":{"start":{"line":46,"column":0},"end":{"line":46,"column":2}},"46":{"start":{"line":47,"column":0},"end":{"line":47,"column":0}},"47":{"start":{"line":48,"column":0},"end":{"line":48,"column":57}},"48":{"start":{"line":49,"column":0},"end":{"line":49,"column":83}},"49":{"start":{"line":50,"column":0},"end":{"line":50,"column":73}},"50":{"start":{"line":51,"column":0},"end":{"line":51,"column":3}},"51":{"start":{"line":52,"column":0},"end":{"line":52,"column":27}},"52":{"start":{"line":53,"column":0},"end":{"line":53,"column":88}},"53":{"start":{"line":54,"column":0},"end":{"line":54,"column":3}},"54":{"start":{"line":55,"column":0},"end":{"line":55,"column":0}},"55":{"start":{"line":56,"column":0},"end":{"line":56,"column":51}},"56":{"start":{"line":57,"column":0},"end":{"line":57,"column":50}},"57":{"start":{"line":58,"column":0},"end":{"line":58,"column":0}},"58":{"start":{"line":59,"column":0},"end":{"line":59,"column":19}},"59":{"start":{"line":60,"column":0},"end":{"line":60,"column":61}},"60":{"start":{"line":61,"column":0},"end":{"line":61,"column":3}},"61":{"start":{"line":62,"column":0},"end":{"line":62,"column":0}},"62":{"start":{"line":63,"column":0},"end":{"line":63,"column":20}},"63":{"start":{"line":64,"column":0},"end":{"line":64,"column":62}},"64":{"start":{"line":65,"column":0},"end":{"line":65,"column":3}},"65":{"start":{"line":66,"column":0},"end":{"line":66,"column":0}},"66":{"start":{"line":67,"column":0},"end":{"line":67,"column":50}},"67":{"start":{"line":68,"column":0},"end":{"line":68,"column":19}},"68":{"start":{"line":69,"column":0},"end":{"line":69,"column":38}},"69":{"start":{"line":70,"column":0},"end":{"line":70,"column":10}},"70":{"start":{"line":71,"column":0},"end":{"line":71,"column":62}},"71":{"start":{"line":72,"column":0},"end":{"line":72,"column":3}},"72":{"start":{"line":73,"column":0},"end":{"line":73,"column":0}},"73":{"start":{"line":74,"column":0},"end":{"line":74,"column":39}},"74":{"start":{"line":75,"column":0},"end":{"line":75,"column":0}},"75":{"start":{"line":76,"column":0},"end":{"line":76,"column":30}},"76":{"start":{"line":77,"column":0},"end":{"line":77,"column":2}},"77":{"start":{"line":78,"column":0},"end":{"line":78,"column":1}}},"s":{"0":1,"1":1,"2":1,"3":1,"4":1,"5":1,"6":1,"7":0,"8":0,"9":0,"10":0,"11":0,"12":0,"13":0,"14":0,"15":0,"16":0,"17":0,"18":0,"19":0,"20":0,"21":0,"22":0,"23":0,"24":0,"25":0,"26":0,"27":0,"28":0,"29":0,"30":0,"31":0,"32":0,"33":0,"34":0,"35":0,"36":0,"37":0,"38":0,"39":0,"40":0,"41":0,"42":0,"43":0,"44":0,"45":0,"46":1,"47":1,"48":0,"49":0,"50":0,"51":0,"52":0,"53":0,"54":0,"55":0,"56":0,"57":0,"58":0,"59":0,"60":0,"61":0,"62":0,"63":0,"64":0,"65":0,"66":0,"67":0,"68":0,"69":0,"70":0,"71":0,"72":0,"73":0,"74":0,"75":0,"76":0,"77":1},"branchMap":{"0":{"type":"branch","line":6,"loc":{"start":{"line":6,"column":0},"end":{"line":78,"column":1}},"locations":[{"start":{"line":6,"column":0},"end":{"line":78,"column":1}}]},"1":{"type":"branch","line":6,"loc":{"start":{"line":6,"column":0},"end":{"line":78,"column":1}},"locations":[{"start":{"line":6,"column":0},"end":{"line":78,"column":1}}]}},"b":{"0":[1],"1":[1]},"fnMap":{"0":{"name":"RelationModel","decl":{"start":{"line":6,"column":0},"end":{"line":78,"column":1}},"loc":{"start":{"line":6,"column":0},"end":{"line":78,"column":1}},"line":6},"1":{"name":"Object.<anonymous>.RelationModel.AddNewRelation","decl":{"start":{"line":7,"column":1},"end":{"line":46,"column":2}},"loc":{"start":{"line":7,"column":1},"end":{"line":46,"column":2}},"line":7},"2":{"name":"Object.<anonymous>.RelationModel.DeleteRelation","decl":{"start":{"line":48,"column":1},"end":{"line":77,"column":2}},"loc":{"start":{"line":48,"column":1},"end":{"line":77,"column":2}},"line":48}},"f":{"0":1,"1":0,"2":0}}
,"/usr/app/src/models/scheme.ts": {"path":"/usr/app/src/models/scheme.ts","all":false,"statementMap":{"0":{"start":{"line":1,"column":0},"end":{"line":1,"column":32}},"1":{"start":{"line":2,"column":0},"end":{"line":2,"column":0}},"2":{"start":{"line":3,"column":0},"end":{"line":3,"column":42}},"3":{"start":{"line":4,"column":0},"end":{"line":4,"column":9}},"4":{"start":{"line":5,"column":0},"end":{"line":5,"column":17}},"5":{"start":{"line":6,"column":0},"end":{"line":6,"column":4}},"6":{"start":{"line":7,"column":0},"end":{"line":7,"column":13}},"7":{"start":{"line":8,"column":0},"end":{"line":8,"column":41}},"8":{"start":{"line":9,"column":0},"end":{"line":9,"column":17}},"9":{"start":{"line":10,"column":0},"end":{"line":10,"column":4}},"10":{"start":{"line":11,"column":0},"end":{"line":11,"column":30}},"11":{"start":{"line":12,"column":0},"end":{"line":12,"column":0}},"12":{"start":{"line":13,"column":0},"end":{"line":13,"column":54}},"13":{"start":{"line":14,"column":0},"end":{"line":14,"column":22}}},"s":{"0":1,"1":1,"2":1,"3":1,"4":1,"5":1,"6":1,"7":1,"8":1,"9":1,"10":1,"11":1,"12":1,"13":1},"branchMap":{},"b":{},"fnMap":{},"f":{}}
,"/usr/app/src/routes/index.ts": {"path":"/usr/app/src/routes/index.ts","all":false,"statementMap":{"0":{"start":{"line":1,"column":0},"end":{"line":1,"column":33}},"1":{"start":{"line":2,"column":0},"end":{"line":2,"column":0}},"2":{"start":{"line":3,"column":0},"end":{"line":3,"column":53}},"3":{"start":{"line":4,"column":0},"end":{"line":4,"column":57}},"4":{"start":{"line":5,"column":0},"end":{"line":5,"column":0}},"5":{"start":{"line":6,"column":0},"end":{"line":6,"column":48}},"6":{"start":{"line":7,"column":0},"end":{"line":7,"column":52}},"7":{"start":{"line":8,"column":0},"end":{"line":8,"column":0}},"8":{"start":{"line":9,"column":0},"end":{"line":9,"column":24}},"9":{"start":{"line":10,"column":0},"end":{"line":10,"column":0}},"10":{"start":{"line":11,"column":0},"end":{"line":11,"column":72}},"11":{"start":{"line":12,"column":0},"end":{"line":12,"column":70}},"12":{"start":{"line":13,"column":0},"end":{"line":13,"column":75}},"13":{"start":{"line":14,"column":0},"end":{"line":14,"column":77}},"14":{"start":{"line":15,"column":0},"end":{"line":15,"column":78}},"15":{"start":{"line":16,"column":0},"end":{"line":16,"column":0}},"16":{"start":{"line":17,"column":0},"end":{"line":17,"column":106}},"17":{"start":{"line":18,"column":0},"end":{"line":18,"column":106}},"18":{"start":{"line":19,"column":0},"end":{"line":19,"column":0}},"19":{"start":{"line":20,"column":0},"end":{"line":20,"column":90}},"20":{"start":{"line":21,"column":0},"end":{"line":21,"column":0}},"21":{"start":{"line":22,"column":0},"end":{"line":22,"column":22}}},"s":{"0":1,"1":1,"2":1,"3":1,"4":1,"5":1,"6":1,"7":1,"8":1,"9":1,"10":1,"11":1,"12":1,"13":1,"14":1,"15":1,"16":1,"17":1,"18":1,"19":1,"20":1,"21":1},"branchMap":{},"b":{},"fnMap":{},"f":{}}
}
