TN:
SF:src/server.ts
FNF:0
FNH:0
DA:1,1
DA:2,1
DA:3,1
DA:4,1
DA:5,1
DA:6,1
DA:7,0
DA:8,0
DA:9,1
DA:10,1
DA:11,1
DA:12,1
DA:13,1
DA:14,1
DA:15,1
DA:16,1
DA:17,1
DA:18,0
DA:19,0
DA:20,1
DA:21,1
LF:21
LH:17
BRDA:6,0,0,0
BRDA:15,1,0,0
BRDA:17,2,0,0
BRF:3
BRH:0
end_of_record
TN:
SF:src/__tests__/db.ts
FN:6,connect
FN:19,close
FNF:2
FNH:2
FNDA:1,connect
FNDA:1,close
DA:1,1
DA:2,1
DA:3,1
DA:4,1
DA:5,1
DA:6,1
DA:7,1
DA:8,1
DA:9,1
DA:10,1
DA:11,1
DA:12,1
DA:13,1
DA:14,0
DA:15,0
DA:16,1
DA:17,1
DA:18,1
DA:19,1
DA:20,1
DA:21,1
DA:22,1
LF:22
LH:20
BRDA:6,0,0,1
BRDA:6,1,0,1
BRDA:7,2,0,1
BRDA:12,3,0,1
BRDA:13,4,0,0
BRDA:19,5,0,1
BRDA:19,6,0,1
BRDA:20,7,0,1
BRF:8
BRH:7
end_of_record
TN:
SF:src/controllers/person.ts
FN:6,PersonController
FN:7,Object.<anonymous>.PersonController.ListPersons
FN:14,Object.<anonymous>.PersonController.GetPerson
FN:26,Object.<anonymous>.PersonController.AddNewPerson
FN:38,Object.<anonymous>.PersonController.UpdatePerson
FN:51,Object.<anonymous>.PersonController.DeletePerson
FN:63,Object.<anonymous>.PersonController.GetGenealogy
FNF:7
FNH:7
FNDA:1,PersonController
FNDA:1,Object.<anonymous>.PersonController.ListPersons
FNDA:2,Object.<anonymous>.PersonController.GetPerson
FNDA:6,Object.<anonymous>.PersonController.AddNewPerson
FNDA:2,Object.<anonymous>.PersonController.UpdatePerson
FNDA:2,Object.<anonymous>.PersonController.DeletePerson
FNDA:2,Object.<anonymous>.PersonController.GetGenealogy
DA:1,1
DA:2,1
DA:3,1
DA:4,1
DA:5,1
DA:6,1
DA:7,1
DA:8,1
DA:9,1
DA:10,1
DA:11,1
DA:12,1
DA:13,1
DA:14,1
DA:15,2
DA:16,2
DA:17,2
DA:18,2
DA:19,2
DA:20,1
DA:21,2
DA:22,2
DA:23,2
DA:24,2
DA:25,1
DA:26,1
DA:27,6
DA:28,6
DA:29,6
DA:30,6
DA:31,6
DA:32,1
DA:33,6
DA:34,6
DA:35,6
DA:36,6
DA:37,1
DA:38,1
DA:39,2
DA:40,2
DA:41,2
DA:42,2
DA:43,2
DA:44,2
DA:45,1
DA:46,2
DA:47,2
DA:48,2
DA:49,2
DA:50,1
DA:51,1
DA:52,2
DA:53,2
DA:54,2
DA:55,2
DA:56,2
DA:57,1
DA:58,2
DA:59,2
DA:60,2
DA:61,2
DA:62,1
DA:63,1
DA:64,2
DA:65,2
DA:66,2
DA:67,2
DA:68,2
DA:69,1
DA:70,2
DA:71,2
DA:72,2
DA:73,2
DA:74,1
LF:74
LH:74
BRDA:6,0,0,1
BRDA:6,1,0,1
BRDA:7,2,0,1
BRDA:9,3,0,1
BRDA:14,4,0,2
BRDA:19,5,0,1
BRDA:26,6,0,6
BRDA:31,7,0,1
BRDA:38,8,0,2
BRDA:44,9,0,1
BRDA:51,10,0,2
BRDA:56,11,0,1
BRDA:63,12,0,2
BRDA:68,13,0,1
BRF:14
BRH:14
end_of_record
TN:
SF:src/controllers/relation.ts
FN:6,RelationController
FN:7,Object.<anonymous>.RelationController.AddNewRelation
FN:19,Object.<anonymous>.RelationController.DeleteRelation
FNF:3
FNH:1
FNDA:1,RelationController
FNDA:0,Object.<anonymous>.RelationController.AddNewRelation
FNDA:0,Object.<anonymous>.RelationController.DeleteRelation
DA:1,1
DA:2,1
DA:3,1
DA:4,1
DA:5,1
DA:6,1
DA:7,1
DA:8,0
DA:9,0
DA:10,0
DA:11,0
DA:12,0
DA:13,0
DA:14,0
DA:15,0
DA:16,0
DA:17,0
DA:18,1
DA:19,1
DA:20,0
DA:21,0
DA:22,0
DA:23,0
DA:24,0
DA:25,0
DA:26,0
DA:27,0
DA:28,0
DA:29,0
DA:30,1
LF:30
LH:10
BRDA:6,0,0,1
BRDA:6,1,0,1
BRF:2
BRH:2
end_of_record
TN:
SF:src/models/person.ts
FN:3,PersonModel
FN:4,Object.<anonymous>.PersonModel.ListPersons
FN:10,Object.<anonymous>.PersonModel.GetPerson
FN:24,Object.<anonymous>.PersonModel.AddNewPerson
FN:39,Object.<anonymous>.PersonModel.UpdatePerson
FN:56,Object.<anonymous>.PersonModel.DeletePerson
FN:80,Object.<anonymous>.PersonModel.GetGenealogy
FNF:7
FNH:7
FNDA:2,PersonModel
FNDA:1,Object.<anonymous>.PersonModel.ListPersons
FNDA:2,Object.<anonymous>.PersonModel.GetPerson
FNDA:6,Object.<anonymous>.PersonModel.AddNewPerson
FNDA:2,Object.<anonymous>.PersonModel.UpdatePerson
FNDA:2,Object.<anonymous>.PersonModel.DeletePerson
FNDA:2,Object.<anonymous>.PersonModel.GetGenealogy
DA:1,1
DA:2,1
DA:3,2
DA:4,2
DA:5,1
DA:6,1
DA:7,1
DA:8,1
DA:9,2
DA:10,2
DA:11,2
DA:12,1
DA:13,1
DA:14,1
DA:15,1
DA:16,2
DA:17,2
DA:18,0
DA:19,0
DA:20,0
DA:21,0
DA:22,2
DA:23,2
DA:24,2
DA:25,6
DA:26,1
DA:27,1
DA:28,5
DA:29,5
DA:30,5
DA:31,5
DA:32,5
DA:33,5
DA:34,5
DA:35,6
DA:36,6
DA:37,6
DA:38,2
DA:39,2
DA:40,2
DA:41,1
DA:42,1
DA:43,1
DA:44,2
DA:45,2
DA:46,0
DA:47,0
DA:48,0
DA:49,0
DA:50,0
DA:51,0
DA:52,2
DA:53,2
DA:54,2
DA:55,2
DA:56,2
DA:57,2
DA:58,1
DA:59,1
DA:60,1
DA:61,2
DA:62,2
DA:63,0
DA:64,0
DA:65,0
DA:66,0
DA:67,0
DA:68,2
DA:69,2
DA:70,2
DA:71,2
DA:72,2
DA:73,2
DA:74,2
DA:75,2
DA:76,2
DA:77,2
DA:78,2
DA:79,2
DA:80,2
DA:81,2
DA:82,1
DA:83,1
DA:84,1
DA:85,2
DA:86,2
DA:87,0
DA:88,0
DA:89,0
DA:90,0
DA:91,0
DA:92,0
DA:93,0
DA:94,0
DA:95,0
DA:96,0
DA:97,0
DA:98,0
DA:99,0
DA:100,0
DA:101,0
DA:102,0
DA:103,2
DA:104,2
DA:105,2
DA:106,2
DA:107,2
LF:107
LH:76
BRDA:3,0,0,1
BRDA:3,1,0,2
BRDA:4,2,0,1
BRDA:5,3,0,1
BRDA:10,4,0,2
BRDA:11,5,0,1
BRDA:17,6,0,0
BRDA:24,7,0,6
BRDA:25,8,0,5
BRDA:25,9,0,1
BRDA:28,10,0,5
BRDA:39,11,0,2
BRDA:40,12,0,1
BRDA:45,13,0,0
BRDA:56,14,0,2
BRDA:57,15,0,1
BRDA:62,16,0,0
BRDA:80,17,0,2
BRDA:81,18,0,1
BRDA:86,19,0,0
BRF:20
BRH:16
end_of_record
TN:
SF:src/models/relation.ts
FN:6,RelationModel
FN:7,Object.<anonymous>.RelationModel.AddNewRelation
FN:48,Object.<anonymous>.RelationModel.DeleteRelation
FNF:3
FNH:1
FNDA:1,RelationModel
FNDA:0,Object.<anonymous>.RelationModel.AddNewRelation
FNDA:0,Object.<anonymous>.RelationModel.DeleteRelation
DA:1,1
DA:2,1
DA:3,1
DA:4,1
DA:5,1
DA:6,1
DA:7,1
DA:8,0
DA:9,0
DA:10,0
DA:11,0
DA:12,0
DA:13,0
DA:14,0
DA:15,0
DA:16,0
DA:17,0
DA:18,0
DA:19,0
DA:20,0
DA:21,0
DA:22,0
DA:23,0
DA:24,0
DA:25,0
DA:26,0
DA:27,0
DA:28,0
DA:29,0
DA:30,0
DA:31,0
DA:32,0
DA:33,0
DA:34,0
DA:35,0
DA:36,0
DA:37,0
DA:38,0
DA:39,0
DA:40,0
DA:41,0
DA:42,0
DA:43,0
DA:44,0
DA:45,0
DA:46,0
DA:47,1
DA:48,1
DA:49,0
DA:50,0
DA:51,0
DA:52,0
DA:53,0
DA:54,0
DA:55,0
DA:56,0
DA:57,0
DA:58,0
DA:59,0
DA:60,0
DA:61,0
DA:62,0
DA:63,0
DA:64,0
DA:65,0
DA:66,0
DA:67,0
DA:68,0
DA:69,0
DA:70,0
DA:71,0
DA:72,0
DA:73,0
DA:74,0
DA:75,0
DA:76,0
DA:77,0
DA:78,1
LF:78
LH:10
BRDA:6,0,0,1
BRDA:6,1,0,1
BRF:2
BRH:2
end_of_record
TN:
SF:src/models/scheme.ts
FNF:0
FNH:0
DA:1,1
DA:2,1
DA:3,1
DA:4,1
DA:5,1
DA:6,1
DA:7,1
DA:8,1
DA:9,1
DA:10,1
DA:11,1
DA:12,1
DA:13,1
DA:14,1
LF:14
LH:14
BRF:0
BRH:0
end_of_record
TN:
SF:src/routes/index.ts
FNF:0
FNH:0
DA:1,1
DA:2,1
DA:3,1
DA:4,1
DA:5,1
DA:6,1
DA:7,1
DA:8,1
DA:9,1
DA:10,1
DA:11,1
DA:12,1
DA:13,1
DA:14,1
DA:15,1
DA:16,1
DA:17,1
DA:18,1
DA:19,1
DA:20,1
DA:21,1
DA:22,1
LF:22
LH:22
BRF:0
BRH:0
end_of_record
